\BOOKMARK [1][-]{section.1}{\376\377\000M\000I\000D\000I\000S\137\000\123\321\163\257\130\203\221\115\177\156}{}% 1
\BOOKMARK [2][-]{subsection.1.1}{\376\377\000P\000y\000t\000h\000o\000n\116\016\166\370\121\163\136\223\133\211\210\305}{section.1}% 2
\BOOKMARK [2][-]{subsection.1.2}{\376\377\000S\000S\000H\147\015\122\241\221\115\177\156}{section.1}% 3
\BOOKMARK [2][-]{subsection.1.3}{\376\377\145\160\143\156\136\223\221\115\177\156}{section.1}% 4
\BOOKMARK [1][-]{section.2}{\376\377\000M\000I\000D\000I\000S\116\073\117\123\150\106\147\266}{}% 5
\BOOKMARK [2][-]{subsection.2.1}{\376\377\000w\000x\000P\000y\000d\000o\000c\000v\000i\000e\000w\150\106\147\266}{section.2}% 6
\BOOKMARK [2][-]{subsection.2.2}{\376\377\147\015\122\241\143\322\116\366\166\204\177\026\121\231}{section.2}% 7
\BOOKMARK [2][-]{subsection.2.3}{\376\377\147\054\172\340\134\017\176\323}{section.2}% 8
\BOOKMARK [1][-]{section.3}{\376\377\122\006\136\003\137\017\213\241\173\227\166\204\133\236\163\260}{}% 9
\BOOKMARK [2][-]{subsection.3.1}{\376\377\116\373\122\241\213\241\173\227\155\101\172\013}{section.3}% 10
\BOOKMARK [2][-]{subsection.3.2}{\376\377\122\006\136\003\137\017\133\236\163\260}{section.3}% 11
\BOOKMARK [2][-]{subsection.3.3}{\376\377\116\373\122\241\173\241\164\006}{section.3}% 12
\BOOKMARK [1][-]{section.4}{\376\377\145\160\143\156\136\223\133\236\163\260}{}% 13
\BOOKMARK [2][-]{subsection.4.1}{\376\377\145\160\143\156\136\223\143\245\123\343\174\173\116\016\145\160\143\156\136\223\135\345\121\167\117\177\165\050}{section.4}% 14
\BOOKMARK [2][-]{subsection.4.2}{\376\377\145\160\143\156\136\223\116\016\116\377\167\037\145\160\143\156\116\244\116\222}{section.4}% 15
\BOOKMARK [2][-]{subsection.4.3}{\376\377\127\372\116\216\145\160\143\156\136\223\166\204\145\160\143\156\122\006\147\220\143\322\116\366}{section.4}% 16
\BOOKMARK [1][-]{section.5}{\376\377\000M\000I\000D\000I\000S\165\050\142\067\144\315\117\134\155\101\172\013}{}% 17
\BOOKMARK [2][-]{subsection.5.1}{\376\377\000M\000I\000D\000I\000S\121\167\117\123\144\315\117\134\155\101\172\013}{section.5}% 18
\BOOKMARK [2][-]{subsection.5.2}{\376\377\000M\000I\000D\000I\000S\144\315\117\134\173\200\123\026\155\101\172\013}{section.5}% 19
\BOOKMARK [2][-]{subsection.5.3}{\376\377\000M\000I\000D\000I\000S\156\220\116\343\170\001\142\123\123\005}{section.5}% 20
